#
# There is insufficient memory for the Java Runtime Environment to continue.
# Native memory allocation (malloc) failed to allocate 226736 bytes for Chunk::new
# Possible reasons:
#   The system is out of physical RAM or swap space
#   In 32 bit mode, the process size limit was hit
# Possible solutions:
#   Reduce memory load on the system
#   Increase physical memory or swap space
#   Check if swap backing store is full
#   Use 64 bit Java on a 64 bit OS
#   Decrease Java heap size (-Xmx/-Xms)
#   Decrease number of Java threads
#   Decrease Java thread stack sizes (-Xss)
#   Set larger code cache with -XX:ReservedCodeCacheSize=
# This output file may be truncated or incomplete.
#
#  Out of Memory Error (allocation.cpp:390), pid=9184, tid=0x0000000000005ec4
#
# JRE version: OpenJDK Runtime Environment (8.0) (build 1.8.0-adoptopenjdk-_2018_05_19_00_59-b00)
# Java VM: OpenJDK 64-Bit Server VM (25.71-b00 mixed mode windows-amd64 compressed oops)
# Failed to write core dump. Minidumps are not enabled by default on client versions of Windows
#

---------------  T H R E A D  ---------------

Current thread (0x00000000180fd000):  JavaThread "C2 CompilerThread1" daemon [_thread_in_native, id=24260, stack(0x000000001a8c0000,0x000000001a9c0000)]

Stack: [0x000000001a8c0000,0x000000001a9c0000]
[error occurred during error reporting (printing stack bounds), id 0xc0000005]

Native frames: (J=compiled Java code, j=interpreted, Vv=VM code, C=native code)


Current CompileTask:
C2:    288  469  s    4       sun.misc.URLClassPath::getNextLoader (88 bytes)


---------------  P R O C E S S  ---------------

Java Threads: ( => current thread )
  0x000000001a084800 JavaThread "Service Thread" daemon [_thread_blocked, id=13916, stack(0x000000001abc0000,0x000000001acc0000)]
  0x0000000019ff2800 JavaThread "C1 CompilerThread3" daemon [_thread_blocked, id=18296, stack(0x000000001aac0000,0x000000001abc0000)]
  0x0000000019fee800 JavaThread "C2 CompilerThread2" daemon [_thread_in_native, id=2416, stack(0x000000001a9c0000,0x000000001aac0000)]
=>0x00000000180fd000 JavaThread "C2 CompilerThread1" daemon [_thread_in_native, id=24260, stack(0x000000001a8c0000,0x000000001a9c0000)]
  0x0000000019fed000 JavaThread "C2 CompilerThread0" daemon [_thread_blocked, id=19900, stack(0x000000001a7c0000,0x000000001a8c0000)]
  0x0000000019feb800 JavaThread "Attach Listener" daemon [_thread_blocked, id=19984, stack(0x000000001a6c0000,0x000000001a7c0000)]
  0x0000000019fea800 JavaThread "Signal Dispatcher" daemon [_thread_blocked, id=23724, stack(0x000000001a5c0000,0x000000001a6c0000)]
  0x000000000327e000 JavaThread "Finalizer" daemon [_thread_blocked, id=10960, stack(0x000000001a3b0000,0x000000001a4b0000)]
  0x000000000327d000 JavaThread "Reference Handler" daemon [_thread_blocked, id=7904, stack(0x0000000019eb0000,0x0000000019fb0000)]
  0x0000000003184800 JavaThread "main" [_thread_in_vm, id=9060, stack(0x0000000002fb0000,0x00000000030b0000)]

Other Threads:
  0x00000000180e8000 VMThread [stack: 0x0000000019db0000,0x0000000019eb0000] [id=4404]
  0x000000001a085000 WatcherThread [stack: 0x000000001acc0000,0x000000001adc0000] [id=21388]

VM state:not at safepoint (normal execution)

VM Mutex/Monitor currently owned by a thread: None

Heap:
 PSYoungGen      total 37888K, used 10516K [0x00000000d6800000, 0x00000000d9200000, 0x0000000100000000)
  eden space 32768K, 32% used [0x00000000d6800000,0x00000000d7245168,0x00000000d8800000)
  from space 5120K, 0% used [0x00000000d8d00000,0x00000000d8d00000,0x00000000d9200000)
  to   space 5120K, 0% used [0x00000000d8800000,0x00000000d8800000,0x00000000d8d00000)
 ParOldGen       total 86016K, used 0K [0x0000000083800000, 0x0000000088c00000, 0x00000000d6800000)
  object space 86016K, 0% used [0x0000000083800000,0x0000000083800000,0x0000000088c00000)
 Metaspace       used 6415K, capacity 6572K, committed 6784K, reserved 1056768K
  class space    used 755K, capacity 805K, committed 896K, reserved 1048576K

Card table byte_map: [0x0000000012640000,0x0000000012a30000] byte_map_base: 0x0000000012224000

Marking Bits: (ParMarkBitMap*) 0x000000005301be50
 Begin Bits: [0x00000000134d0000, 0x00000000153f0000)
 End Bits:   [0x00000000153f0000, 0x0000000017310000)

Polling page: 0x00000000017f0000

CodeCache: size=245760Kb used=2056Kb max_used=2056Kb free=243703Kb
 bounds [0x0000000003280000, 0x00000000034f0000, 0x0000000012280000]
 total_blobs=777 nmethods=473 adapters=218
 compilation: enabled

Compilation events (10 events):
Event: 0.275 Thread 0x0000000019ff2800 nmethod 466 0x000000000347c990 code [0x000000000347cd20, 0x000000000347ecd8]
Event: 0.275 Thread 0x0000000019ff2800  467       3       java.util.zip.ZipCoder::decoder (35 bytes)
Event: 0.275 Thread 0x0000000019ff2800 nmethod 467 0x000000000347fe10 code [0x000000000347ffa0, 0x0000000003480608]
Event: 0.282 Thread 0x00000000180fd000  469  s    4       sun.misc.URLClassPath::getNextLoader (88 bytes)
Event: 0.284 Thread 0x0000000019ff2800  470       3       java.lang.ReflectiveOperationException::<init> (7 bytes)
Event: 0.284 Thread 0x0000000019ff2800 nmethod 470 0x0000000003480e90 code [0x0000000003481000, 0x00000000034811e8]
Event: 0.284 Thread 0x0000000019ff2800  471       3       java.lang.Exception::<init> (7 bytes)
Event: 0.284 Thread 0x0000000019ff2800 nmethod 471 0x00000000034812d0 code [0x0000000003481440, 0x00000000034815c8]
Event: 0.286 Thread 0x0000000019ff2800  472       3       java.lang.ClassNotFoundException::<init> (7 bytes)
Event: 0.286 Thread 0x0000000019ff2800 nmethod 472 0x0000000003481650 code [0x00000000034817c0, 0x0000000003481a08]

GC Heap History (0 events):
No events

Deoptimization events (0 events):
No events

Classes redefined (0 events):
No events

Internal exceptions (10 events):
Event: 0.203 Thread 0x0000000003184800 Exception <a 'java/security/PrivilegedActionException'> (0x00000000d6d160c8) thrown at [C:\Users\jenkins\workspace\openjdk8_build_x86-64_windows\openjdk\hotspot\src\share\vm\prims\jvm.cpp, line 1435]
Event: 0.203 Thread 0x0000000003184800 Exception <a 'java/security/PrivilegedActionException'> (0x00000000d6d17be8) thrown at [C:\Users\jenkins\workspace\openjdk8_build_x86-64_windows\openjdk\hotspot\src\share\vm\prims\jvm.cpp, line 1435]
Event: 0.203 Thread 0x0000000003184800 Exception <a 'java/security/PrivilegedActionException'> (0x00000000d6d17df8) thrown at [C:\Users\jenkins\workspace\openjdk8_build_x86-64_windows\openjdk\hotspot\src\share\vm\prims\jvm.cpp, line 1435]
Event: 0.203 Thread 0x0000000003184800 Exception <a 'java/security/PrivilegedActionException'> (0x00000000d6d199d8) thrown at [C:\Users\jenkins\workspace\openjdk8_build_x86-64_windows\openjdk\hotspot\src\share\vm\prims\jvm.cpp, line 1435]
Event: 0.203 Thread 0x0000000003184800 Exception <a 'java/security/PrivilegedActionException'> (0x00000000d6d19be8) thrown at [C:\Users\jenkins\workspace\openjdk8_build_x86-64_windows\openjdk\hotspot\src\share\vm\prims\jvm.cpp, line 1435]
Event: 0.203 Thread 0x0000000003184800 Exception <a 'java/security/PrivilegedActionException'> (0x00000000d6d1c040) thrown at [C:\Users\jenkins\workspace\openjdk8_build_x86-64_windows\openjdk\hotspot\src\share\vm\prims\jvm.cpp, line 1435]
Event: 0.203 Thread 0x0000000003184800 Exception <a 'java/security/PrivilegedActionException'> (0x00000000d6d1c250) thrown at [C:\Users\jenkins\workspace\openjdk8_build_x86-64_windows\openjdk\hotspot\src\share\vm\prims\jvm.cpp, line 1435]
Event: 0.203 Thread 0x0000000003184800 Exception <a 'java/security/PrivilegedActionException'> (0x00000000d6d1e098) thrown at [C:\Users\jenkins\workspace\openjdk8_build_x86-64_windows\openjdk\hotspot\src\share\vm\prims\jvm.cpp, line 1435]
Event: 0.203 Thread 0x0000000003184800 Exception <a 'java/security/PrivilegedActionException'> (0x00000000d6d1e2a8) thrown at [C:\Users\jenkins\workspace\openjdk8_build_x86-64_windows\openjdk\hotspot\src\share\vm\prims\jvm.cpp, line 1435]
Event: 0.222 Thread 0x0000000003184800 Exception <a 'sun/nio/fs/WindowsException'> (0x00000000d6df0930) thrown at [C:\Users\jenkins\workspace\openjdk8_build_x86-64_windows\openjdk\hotspot\src\share\vm\prims\jni.cpp, line 709]

Events (10 events):
Event: 0.286 loading class com/google/common/collect/Iterators$3
Event: 0.286 loading class com/google/common/collect/Iterators$3 done
Event: 0.286 loading class com/google/common/collect/PeekingIterator
Event: 0.286 loading class com/google/common/collect/PeekingIterator done
Event: 0.286 loading class com/google/common/collect/Iterators$9
Event: 0.286 loading class com/google/common/collect/Iterators$9 done
Event: 0.286 loading class com/google/common/collect/Iterators$MergingIterator
Event: 0.286 loading class com/google/common/collect/Iterators$MergingIterator done
Event: 0.287 loading class com/android/repository/impl/manager/LocalRepoLoaderImpl
Event: 0.287 loading class com/android/repository/impl/manager/LocalRepoLoaderImpl done


Dynamic libraries:
0x00007ff649df0000 - 0x00007ff649e25000 	D:\Program Files\2021.3.25f1\Editor\Data\PlaybackEngines\AndroidPlayer\OpenJDK\bin\java.exe
0x00007ffd44730000 - 0x00007ffd44928000 	C:\Windows\SYSTEM32\ntdll.dll
0x00007ffd428f0000 - 0x00007ffd429af000 	C:\Windows\System32\KERNEL32.DLL
0x00007ffd42320000 - 0x00007ffd42616000 	C:\Windows\System32\KERNELBASE.dll
0x00007ffd434e0000 - 0x00007ffd4358f000 	C:\Windows\System32\ADVAPI32.dll
0x00007ffd42e70000 - 0x00007ffd42f0e000 	C:\Windows\System32\msvcrt.dll
0x00007ffd42790000 - 0x00007ffd4282c000 	C:\Windows\System32\sechost.dll
0x00007ffd43590000 - 0x00007ffd436b6000 	C:\Windows\System32\RPCRT4.dll
0x00007ffd42f20000 - 0x00007ffd430bd000 	C:\Windows\System32\USER32.dll
0x00007ffd426b0000 - 0x00007ffd426d2000 	C:\Windows\System32\win32u.dll
0x00007ffd42ad0000 - 0x00007ffd42afc000 	C:\Windows\System32\GDI32.dll
0x00007ffd42200000 - 0x00007ffd42315000 	C:\Windows\System32\gdi32full.dll
0x00007ffd41fb0000 - 0x00007ffd4204d000 	C:\Windows\System32\msvcp_win.dll
0x00007ffd41eb0000 - 0x00007ffd41fb0000 	C:\Windows\System32\ucrtbase.dll
0x00007ffd16090000 - 0x00007ffd1632a000 	C:\Windows\WinSxS\amd64_microsoft.windows.common-controls_6595b64144ccf1df_6.0.19041.1110_none_60b5254171f9507e\COMCTL32.dll
0x00007ffd436c0000 - 0x00007ffd436f0000 	C:\Windows\System32\IMM32.DLL
0x00000000530a0000 - 0x0000000053172000 	D:\Program Files\2021.3.25f1\Editor\Data\PlaybackEngines\AndroidPlayer\OpenJDK\jre\bin\msvcr100.dll
0x0000000052850000 - 0x0000000053099000 	D:\Program Files\2021.3.25f1\Editor\Data\PlaybackEngines\AndroidPlayer\OpenJDK\jre\bin\server\jvm.dll
0x00007ffd43bf0000 - 0x00007ffd43bf8000 	C:\Windows\System32\PSAPI.DLL
0x00007ffd387b0000 - 0x00007ffd387b9000 	C:\Windows\SYSTEM32\WSOCK32.dll
0x00007ffd2bba0000 - 0x00007ffd2bbc7000 	C:\Windows\SYSTEM32\WINMM.dll
0x00007ffd37790000 - 0x00007ffd3779a000 	C:\Windows\SYSTEM32\VERSION.dll
0x00007ffd42c50000 - 0x00007ffd42cbb000 	C:\Windows\System32\WS2_32.dll
0x00007ffd36410000 - 0x00007ffd3641f000 	D:\Program Files\2021.3.25f1\Editor\Data\PlaybackEngines\AndroidPlayer\OpenJDK\jre\bin\verify.dll
0x00007ffd0c0a0000 - 0x00007ffd0c0c9000 	D:\Program Files\2021.3.25f1\Editor\Data\PlaybackEngines\AndroidPlayer\OpenJDK\jre\bin\java.dll
0x00007ffd0ce00000 - 0x00007ffd0ce16000 	D:\Program Files\2021.3.25f1\Editor\Data\PlaybackEngines\AndroidPlayer\OpenJDK\jre\bin\zip.dll
0x00007ffd43c00000 - 0x00007ffd44344000 	C:\Windows\System32\SHELL32.dll
0x00007ffd3fe60000 - 0x00007ffd405f3000 	C:\Windows\SYSTEM32\windows.storage.dll
0x00007ffd43120000 - 0x00007ffd43474000 	C:\Windows\System32\combase.dll
0x00007ffd416a0000 - 0x00007ffd416ce000 	C:\Windows\SYSTEM32\Wldp.dll
0x00007ffd42ba0000 - 0x00007ffd42c4d000 	C:\Windows\System32\SHCORE.dll
0x00007ffd43480000 - 0x00007ffd434d5000 	C:\Windows\System32\shlwapi.dll
0x00007ffd41d50000 - 0x00007ffd41d6f000 	C:\Windows\SYSTEM32\profapi.dll
0x00007ffd0caf0000 - 0x00007ffd0cb0a000 	D:\Program Files\2021.3.25f1\Editor\Data\PlaybackEngines\AndroidPlayer\OpenJDK\jre\bin\net.dll
0x00007ffd41480000 - 0x00007ffd414ea000 	C:\Windows\system32\mswsock.dll
0x00007ffd0bad0000 - 0x00007ffd0bae1000 	D:\Program Files\2021.3.25f1\Editor\Data\PlaybackEngines\AndroidPlayer\OpenJDK\jre\bin\nio.dll

VM Arguments:
jvm_args: -Dfile.encoding=UTF-8 -Dcom.android.sdklib.toolsdir=D:\Program Files\2021.3.25f1\Editor\Data\PlaybackEngines\AndroidPlayer\SDK\tools\bin\\.. 
java_command: com.android.sdklib.tool.sdkmanager.SdkManagerCli --list
java_class_path (initial): D:\Program Files\2021.3.25f1\Editor\Data\PlaybackEngines\AndroidPlayer\SDK\tools\bin\..\lib\dvlib-26.0.0-dev.jar;D:\Program Files\2021.3.25f1\Editor\Data\PlaybackEngines\AndroidPlayer\SDK\tools\bin\..\lib\jimfs-1.1.jar;D:\Program Files\2021.3.25f1\Editor\Data\PlaybackEngines\AndroidPlayer\SDK\tools\bin\..\lib\jsr305-1.3.9.jar;D:\Program Files\2021.3.25f1\Editor\Data\PlaybackEngines\AndroidPlayer\SDK\tools\bin\..\lib\repository-26.0.0-dev.jar;D:\Program Files\2021.3.25f1\Editor\Data\PlaybackEngines\AndroidPlayer\SDK\tools\bin\..\lib\j2objc-annotations-1.1.jar;D:\Program Files\2021.3.25f1\Editor\Data\PlaybackEngines\AndroidPlayer\SDK\tools\bin\..\lib\layoutlib-api-26.0.0-dev.jar;D:\Program Files\2021.3.25f1\Editor\Data\PlaybackEngines\AndroidPlayer\SDK\tools\bin\..\lib\gson-2.3.jar;D:\Program Files\2021.3.25f1\Editor\Data\PlaybackEngines\AndroidPlayer\SDK\tools\bin\..\lib\httpcore-4.2.5.jar;D:\Program Files\2021.3.25f1\Editor\Data\PlaybackEngines\AndroidPlayer\SDK\tools\bin\..\lib\commons-logging-1.1.1.jar;D:\Program Files\2021.3.25f1\Editor\Data\PlaybackEngines\AndroidPlayer\SDK\tools\bin\..\lib\commons-compress-1.12.jar;D:\Program Files\2021.3.25f1\Editor\Data\PlaybackEngines\AndroidPlayer\SDK\tools\bin\..\lib\annotations-26.0.0-dev.jar;D:\Program Files\2021.3.25f1\Editor\Data\PlaybackEngines\AndroidPlayer\SDK\tools\bin\..\lib\error_prone_annotations-2.0.18.jar;D:\Program Files\2021.3.25f1\Editor\Data\PlaybackEngines\AndroidPlayer\SDK\tools\bin\..\lib\animal-sniffer-annotations-1.14.jar;D:\Program Files\2021.3.25f1\Editor\Data\PlaybackEngines\AndroidPlayer\SDK\tools\bin\..\lib\httpclient-4.2.6.jar;D:\Program Files\2021.3.25f1\Editor\Data\PlaybackEngines\AndroidPlayer\SDK\tools\bin\..\lib\commons-codec-1.6.jar;D:\Program Files\2021.3.25f1\Editor\Data\PlaybackEngines\AndroidPlayer\SDK\tools\bin\..\lib\common-26.0.0-dev.jar;D:\Program Files\2021.3.25f1\Editor\Data\PlaybackEngines\AndroidPlayer\SDK\tools\bin\..\lib\kxml2-2.3.0.jar;D:\Program
Launcher Type: SUN_STANDARD

Environment Variables:
JAVA_HOME=D:\Program Files\2021.3.25f1\Editor\Data\PlaybackEngines\AndroidPlayer\OpenJDK
JAVA_TOOL_OPTIONS=-Dfile.encoding=UTF-8
PATH=C:\Program Files\Microsoft MPI\Bin\;C:\Windows\system32;C:\Windows;C:\Windows\System32\Wbem;C:\Windows\System32\WindowsPowerShell\v1.0\;C:\Windows\System32\OpenSSH\;C:\Program Files\Microsoft SQL Server\150\Tools\Binn\;C:\Program Files\dotnet\;C:\Program Files (x86)\Microsoft SQL Server\160\Tools\Binn\;C:\Program Files\Microsoft SQL Server\160\Tools\Binn\;C:\Program Files\Microsoft SQL Server\Client SDK\ODBC\170\Tools\Binn\;C:\Program Files\Microsoft SQL Server\160\DTS\Binn\;D:\Program Files\Git\cmd;C:\Users\eater\AppData\Local\Programs\Python\Python310\Scripts\;C:\Users\eater\AppData\Local\Programs\Python\Python310\;D:\Program Files\Python\Python310;C:\Users\eater\AppData\Local\Microsoft\WindowsApps;C:\Users\eater\AppData\Local\GitHubDesktop\bin;C:\Users\eater\.dotnet\tools;D:\Program Files\Microsoft VS Code\bin;C:\Program Files\Azure Data Studio\bin
USERNAME=Roman
OS=Windows_NT
PROCESSOR_IDENTIFIER=Intel64 Family 6 Model 126 Stepping 5, GenuineIntel



---------------  S Y S T E M  ---------------

OS: Windows 10.0 , 64 bit Build 19041 (10.0.19041.3031)

CPU:total 8 (initial active 8) (4 cores per cpu, 2 threads per core) family 6 model 126 stepping 5, cmov, cx8, fxsr, mmx, sse, sse2, sse3, ssse3, sse4.1, sse4.2, popcnt, avx, avx2, aes, clmul, erms, 3dnowpref, lzcnt, ht, tsc, tscinvbit, bmi1, bmi2, adx

Memory: 4k page, physical 8159220k(430472k free), swap 18995428k(1928k free)

vm_info: OpenJDK 64-Bit Server VM (25.71-b00) for windows-amd64 JRE (1.8.0-adoptopenjdk-_2018_05_19_00_59-b00), built on May 19 2018 01:02:12 by "jenkins" with MS VC++ 10.0 (VS2010)

time: Fri Jul 14 01:53:08 2023
elapsed time: 0 seconds (0d 0h 0m 0s)

